2025-05-08T19:26:05: PM2 log: ===============================================================================
2025-05-08T19:26:05: PM2 log: --- New PM2 Daemon started ----------------------------------------------------
2025-05-08T19:26:05: PM2 log: Time                 : Thu May 08 2025 19:26:05 GMT+0000 (Coordinated Universal Time)
2025-05-08T19:26:05: PM2 log: PM2 version          : 6.0.5
2025-05-08T19:26:05: PM2 log: Node.js version      : 23.11.0
2025-05-08T19:26:05: PM2 log: Current arch         : x64
2025-05-08T19:26:05: PM2 log: PM2 home             : /root/-rental-app/server/-root/.pm2
2025-05-08T19:26:05: PM2 log: PM2 PID file         : /root/-rental-app/server/-root/.pm2/pm2.pid
2025-05-08T19:26:05: PM2 log: RPC socket file      : /root/-rental-app/server/-root/.pm2/rpc.sock
2025-05-08T19:26:05: PM2 log: BUS socket file      : /root/-rental-app/server/-root/.pm2/pub.sock
2025-05-08T19:26:05: PM2 log: Application log path : /root/-rental-app/server/-root/.pm2/logs
2025-05-08T19:26:05: PM2 log: Worker Interval      : 30000
2025-05-08T19:26:05: PM2 log: Process dump file    : /root/-rental-app/server/-root/.pm2/dump.pm2
2025-05-08T19:26:05: PM2 log: Concurrent actions   : 2
2025-05-08T19:26:05: PM2 log: SIGTERM timeout      : 1600
2025-05-08T19:26:05: PM2 log: Runtime Binary       : /root/.nvm/versions/node/v23.11.0/bin/node
2025-05-08T19:26:05: PM2 log: ===============================================================================
2025-05-08T20:18:26: PM2 log: PM2 successfully stopped
2025-05-08T20:18:43: PM2 log: ===============================================================================
2025-05-08T20:18:44: PM2 log: --- New PM2 Daemon started ----------------------------------------------------
2025-05-08T20:18:44: PM2 log: Time                 : Thu May 08 2025 20:18:44 GMT+0000 (Coordinated Universal Time)
2025-05-08T20:18:44: PM2 log: PM2 version          : 6.0.5
2025-05-08T20:18:44: PM2 log: Node.js version      : 23.11.0
2025-05-08T20:18:44: PM2 log: Current arch         : x64
2025-05-08T20:18:44: PM2 log: PM2 home             : /root/-rental-app/server/-root/.pm2
2025-05-08T20:18:44: PM2 log: PM2 PID file         : /root/-rental-app/server/-root/.pm2/pm2.pid
2025-05-08T20:18:44: PM2 log: RPC socket file      : /root/-rental-app/server/-root/.pm2/rpc.sock
2025-05-08T20:18:44: PM2 log: BUS socket file      : /root/-rental-app/server/-root/.pm2/pub.sock
2025-05-08T20:18:44: PM2 log: Application log path : /root/-rental-app/server/-root/.pm2/logs
2025-05-08T20:18:44: PM2 log: Worker Interval      : 30000
2025-05-08T20:18:44: PM2 log: Process dump file    : /root/-rental-app/server/-root/.pm2/dump.pm2
2025-05-08T20:18:44: PM2 log: Concurrent actions   : 2
2025-05-08T20:18:44: PM2 log: SIGTERM timeout      : 1600
2025-05-08T20:18:44: PM2 log: Runtime Binary       : /root/.nvm/versions/node/v23.11.0/bin/node
2025-05-08T20:18:44: PM2 log: ===============================================================================
